Generated at 2021-02-17 15:08:53 +0000
Chef::Exceptions::Package: yum_package[mariadb.server] (test-cookbook::demo-recipe line 26) had an error: Chef::Exceptions::Package: No candidate version available for mariadb.server
/opt/chef-workstation/embedded/lib/ruby/gems/2.7.0/gems/chef-16.9.32/lib/chef/mixin/why_run.rb:238:in `run'
/opt/chef-workstation/embedded/lib/ruby/gems/2.7.0/gems/chef-16.9.32/lib/chef/mixin/why_run.rb:316:in `block in run'
/opt/chef-workstation/embedded/lib/ruby/gems/2.7.0/gems/chef-16.9.32/lib/chef/mixin/why_run.rb:315:in `each'
/opt/chef-workstation/embedded/lib/ruby/gems/2.7.0/gems/chef-16.9.32/lib/chef/mixin/why_run.rb:315:in `run'
/opt/chef-workstation/embedded/lib/ruby/gems/2.7.0/gems/chef-16.9.32/lib/chef/provider.rb:230:in `process_resource_requirements'
/opt/chef-workstation/embedded/lib/ruby/gems/2.7.0/gems/chef-16.9.32/lib/chef/provider.rb:205:in `run_action'
/opt/chef-workstation/embedded/lib/ruby/gems/2.7.0/gems/chef-16.9.32/lib/chef/resource.rb:599:in `block in run_action'
/opt/chef-workstation/embedded/lib/ruby/gems/2.7.0/gems/chef-16.9.32/lib/chef/resource.rb:626:in `with_umask'
/opt/chef-workstation/embedded/lib/ruby/gems/2.7.0/gems/chef-16.9.32/lib/chef/resource.rb:598:in `run_action'
/opt/chef-workstation/embedded/lib/ruby/gems/2.7.0/gems/chef-16.9.32/lib/chef/runner.rb:74:in `run_action'
/opt/chef-workstation/embedded/lib/ruby/gems/2.7.0/gems/chef-16.9.32/lib/chef/runner.rb:108:in `block in run_all_actions'
/opt/chef-workstation/embedded/lib/ruby/gems/2.7.0/gems/chef-16.9.32/lib/chef/runner.rb:108:in `each'
/opt/chef-workstation/embedded/lib/ruby/gems/2.7.0/gems/chef-16.9.32/lib/chef/runner.rb:108:in `run_all_actions'
/opt/chef-workstation/embedded/lib/ruby/gems/2.7.0/gems/chef-16.9.32/lib/chef/runner.rb:132:in `block in converge'
/opt/chef-workstation/embedded/lib/ruby/gems/2.7.0/gems/chef-16.9.32/lib/chef/resource_collection/resource_list.rb:96:in `block in execute_each_resource'
/opt/chef-workstation/embedded/lib/ruby/gems/2.7.0/gems/chef-16.9.32/lib/chef/resource_collection/stepable_iterator.rb:114:in `call_iterator_block'
/opt/chef-workstation/embedded/lib/ruby/gems/2.7.0/gems/chef-16.9.32/lib/chef/resource_collection/stepable_iterator.rb:85:in `step'
/opt/chef-workstation/embedded/lib/ruby/gems/2.7.0/gems/chef-16.9.32/lib/chef/resource_collection/stepable_iterator.rb:103:in `iterate'
/opt/chef-workstation/embedded/lib/ruby/gems/2.7.0/gems/chef-16.9.32/lib/chef/resource_collection/stepable_iterator.rb:54:in `each_with_index'
/opt/chef-workstation/embedded/lib/ruby/gems/2.7.0/gems/chef-16.9.32/lib/chef/resource_collection/resource_list.rb:94:in `execute_each_resource'
/opt/chef-workstation/embedded/lib/ruby/2.7.0/forwardable.rb:235:in `execute_each_resource'
/opt/chef-workstation/embedded/lib/ruby/gems/2.7.0/gems/chef-16.9.32/lib/chef/runner.rb:130:in `converge'
/opt/chef-workstation/embedded/lib/ruby/gems/2.7.0/gems/chef-16.9.32/lib/chef/client.rb:687:in `block in converge'
/opt/chef-workstation/embedded/lib/ruby/gems/2.7.0/gems/chef-16.9.32/lib/chef/client.rb:682:in `catch'
/opt/chef-workstation/embedded/lib/ruby/gems/2.7.0/gems/chef-16.9.32/lib/chef/client.rb:682:in `converge'
/opt/chef-workstation/embedded/lib/ruby/gems/2.7.0/gems/chef-16.9.32/lib/chef/client.rb:706:in `converge_and_save'
/opt/chef-workstation/embedded/lib/ruby/gems/2.7.0/gems/chef-16.9.32/lib/chef/client.rb:286:in `run'
/opt/chef-workstation/embedded/lib/ruby/gems/2.7.0/gems/chef-16.9.32/lib/chef/application.rb:305:in `run_with_graceful_exit_option'
/opt/chef-workstation/embedded/lib/ruby/gems/2.7.0/gems/chef-16.9.32/lib/chef/application.rb:281:in `block in run_chef_client'
/opt/chef-workstation/embedded/lib/ruby/gems/2.7.0/gems/chef-16.9.32/lib/chef/local_mode.rb:42:in `with_server_connectivity'
/opt/chef-workstation/embedded/lib/ruby/gems/2.7.0/gems/chef-16.9.32/lib/chef/application.rb:264:in `run_chef_client'
/opt/chef-workstation/embedded/lib/ruby/gems/2.7.0/gems/chef-16.9.32/lib/chef/application/base.rb:337:in `run_application'
/opt/chef-workstation/embedded/lib/ruby/gems/2.7.0/gems/chef-16.9.32/lib/chef/application.rb:67:in `run'
/opt/chef-workstation/embedded/lib/ruby/gems/2.7.0/gems/chef-bin-16.9.32/bin/chef-client:25:in `<top (required)>'
/bin/chef-client:355:in `load'
/bin/chef-client:355:in `<main>'